Using pre-set license
Built from '2020.2/release' branch; Version is '2020.2.4f1 (becced5a802b) revision 12504301'; Using compiler version '192528614'; Build Type 'Release'
OS: 'Windows 10 Home; OS build 19043.1645; Version 2009; 64bit' Language: 'en' Physical Memory: 16317 MB
BatchMode: 1, IsHumanControllingUs: 0, StartBugReporterOnCrash: 0, Is64bit: 1, IsPro: 0

 COMMAND LINE ARGUMENTS:
C:\Program Files\Unity\Hub\Editor\2020.2.4f1\Editor\Unity.exe
-adb2
-batchMode
-noUpm
-name
AssetImportWorker0
-projectPath
D:/Unity Projects/TeachingProjects/BrandenGeekEdu/BrendanPlatformer
-logFile
Logs/AssetImportWorker0.log
-srvPort
50708
Successfully changed project path to: D:/Unity Projects/TeachingProjects/BrandenGeekEdu/BrendanPlatformer
D:/Unity Projects/TeachingProjects/BrandenGeekEdu/BrendanPlatformer
Using Asset Import Pipeline V2.
Refreshing native plugins compatible for Editor in 43.26 ms, found 1 plugins.
Preloading 0 native plugins for Editor in 0.00 ms.
Initialize engine version: 2020.2.4f1 (becced5a802b)
[Subsystems] Discovering subsystems at path C:/Program Files/Unity/Hub/Editor/2020.2.4f1/Editor/Data/Resources/UnitySubsystems
[Subsystems] Discovering subsystems at path D:/Unity Projects/TeachingProjects/BrandenGeekEdu/BrendanPlatformer/Assets
GfxDevice: creating device client; threaded=0
Direct3D:
    Version:  Direct3D 11.0 [level 11.1]
    Renderer: NVIDIA GeForce RTX 2060 SUPER (ID=0x1f06)
    Vendor:   
    VRAM:     8031 MB
    Driver:   30.0.14.7196
Initialize mono
Mono path[0] = 'C:/Program Files/Unity/Hub/Editor/2020.2.4f1/Editor/Data/Managed'
Mono path[1] = 'C:/Program Files/Unity/Hub/Editor/2020.2.4f1/Editor/Data/MonoBleedingEdge/lib/mono/unityjit'
Mono config path = 'C:/Program Files/Unity/Hub/Editor/2020.2.4f1/Editor/Data/MonoBleedingEdge/etc'
Using monoOptions --debugger-agent=transport=dt_socket,embedding=1,server=y,suspend=n,address=127.0.0.1:56156
Begin MonoManager ReloadAssembly
Registering precompiled unity dll's ...
Register platform support module: C:/Program Files/Unity/Hub/Editor/2020.2.4f1/Editor/Data/PlaybackEngines/WebGLSupport/UnityEditor.WebGL.Extensions.dll
Register platform support module: C:/Program Files/Unity/Hub/Editor/2020.2.4f1/Editor/Data/PlaybackEngines/WindowsStandaloneSupport/UnityEditor.WindowsStandalone.Extensions.dll
Registered in 0.003285 seconds.
Native extension for WindowsStandalone target not found
Native extension for WebGL target not found
Refreshing native plugins compatible for Editor in 35.97 ms, found 1 plugins.
Preloading 0 native plugins for Editor in 0.00 ms.
Invoked RoslynAnalysisRunner static constructor.
RoslynAnalysisRunner will not be running.
RoslynAnalysisRunner has terminated.
Mono: successfully reloaded assembly
- Completed reload, in  2.219 seconds
Platform modules already initialized, skipping
Registering precompiled user dll's ...
Registered in 0.000686 seconds.
Begin MonoManager ReloadAssembly
Native extension for WindowsStandalone target not found
Native extension for WebGL target not found
Refreshing native plugins compatible for Editor in 39.21 ms, found 1 plugins.
Preloading 0 native plugins for Editor in 0.00 ms.
[ScriptCompilation] NOT recompiling all scripts because this is an import worker process. Reason to compile was: Define symbols changed
Invoked RoslynAnalysisRunner static constructor.
RoslynAnalysisRunner will not be running.
RoslynAnalysisRunner has terminated.
Mono: successfully reloaded assembly
- Completed reload, in  0.908 seconds
Platform modules already initialized, skipping
========================================================================
Worker process is ready to serve import requests
Launched and connected shader compiler UnityShaderCompiler.exe after 0.05 seconds
Refreshing native plugins compatible for Editor in 0.67 ms, found 1 plugins.
Preloading 0 native plugins for Editor in 0.00 ms.
Unloading 1929 Unused Serialized files (Serialized files now loaded: 0)
System memory in use before: 92.4 MB.
System memory in use after: 92.4 MB.

Unloading 24 unused Assets to reduce memory usage. Loaded Objects now: 2371.
Total: 3.755100 ms (FindLiveObjects: 0.533800 ms CreateObjectMapping: 0.165100 ms MarkObjects: 2.923100 ms  DeleteObjects: 0.131200 ms)

========================================================================
Received Import Request.
  path: Packages/com.unity.postprocessing/PostProcessing
  artifactKey: Guid(0d256a256b5667448bb3f33f75dbb4bf) Importer(815301076,1909f56bfc062723c751e8b465ee728b)
Start importing Packages/com.unity.postprocessing/PostProcessing using Guid(0d256a256b5667448bb3f33f75dbb4bf) Importer(815301076,1909f56bfc062723c751e8b465ee728b)  -> (artifact id: '001724654fd5e26a3da5300605a2afbf') in 0.011298 seconds
  Import took 0.016544 seconds .

========================================================================
Received Import Request.
  Time since last request: 0.000411 seconds.
  path: Packages/com.unity.postprocessing/PostProcessing/PostProcessResources.asset
  artifactKey: Guid(d82512f9c8e5d4a4d938b575d47f88d4) Importer(815301076,1909f56bfc062723c751e8b465ee728b)
Start importing Packages/com.unity.postprocessing/PostProcessing/PostProcessResources.asset using Guid(d82512f9c8e5d4a4d938b575d47f88d4) Importer(815301076,1909f56bfc062723c751e8b465ee728b)  -> (artifact id: '8bb2e4b3a2d52ba502e376de384e841e') in 0.057539 seconds
  Import took 0.062783 seconds .

========================================================================
Received Import Request.
  Time since last request: 0.000234 seconds.
  path: Packages/com.unity.postprocessing/PostProcessing/Editor
  artifactKey: Guid(10af18f17ff5ecf47bc4dbd1551b36d2) Importer(815301076,1909f56bfc062723c751e8b465ee728b)
Start importing Packages/com.unity.postprocessing/PostProcessing/Editor using Guid(10af18f17ff5ecf47bc4dbd1551b36d2) Importer(815301076,1909f56bfc062723c751e8b465ee728b)  -> (artifact id: '2d420c19c35a68969723ce207355877d') in 0.010796 seconds
  Import took 0.015731 seconds .

========================================================================
Received Import Request.
  Time since last request: 0.000225 seconds.
  path: Packages/com.unity.postprocessing/PostProcessing/Editor/Unity.Postprocessing.Editor.asmdef
  artifactKey: Guid(a35efad8797223d499f8c68b1f545dbc) Importer(815301076,1909f56bfc062723c751e8b465ee728b)
Start importing Packages/com.unity.postprocessing/PostProcessing/Editor/Unity.Postprocessing.Editor.asmdef using Guid(a35efad8797223d499f8c68b1f545dbc) Importer(815301076,1909f56bfc062723c751e8b465ee728b)  -> (artifact id: 'b90ba973e39f4eb1fb2ed8d43a0ba83b') in 0.008309 seconds
  Import took 0.012391 seconds .

========================================================================
Received Import Request.
  Time since last request: 0.000472 seconds.
  path: Packages/com.unity.postprocessing/package.json
  artifactKey: Guid(2705889b3a9580a47b334f039bfdcb00) Importer(815301076,1909f56bfc062723c751e8b465ee728b)
Start importing Packages/com.unity.postprocessing/package.json using Guid(2705889b3a9580a47b334f039bfdcb00) Importer(815301076,1909f56bfc062723c751e8b465ee728b)  -> (artifact id: '108169a4074b50e703e2842947584153') in 0.015278 seconds
  Import took 0.018747 seconds .

========================================================================
Received Import Request.
  Time since last request: 0.000207 seconds.
  path: Packages/com.unity.postprocessing
  artifactKey: Guid(ff33dd3b13e5d4fd46bda47b475045d2) Importer(815301076,1909f56bfc062723c751e8b465ee728b)
Start importing Packages/com.unity.postprocessing using Guid(ff33dd3b13e5d4fd46bda47b475045d2) Importer(815301076,1909f56bfc062723c751e8b465ee728b)  -> (artifact id: 'bd978c04298af3866ca2e4de55e3b08e') in 0.008098 seconds
  Import took 0.011940 seconds .

========================================================================
Received Import Request.
  Time since last request: 1.012738 seconds.
  path: Packages/com.unity.postprocessing/PostProcessing/Editor/PostProcessProfileEditor.cs
  artifactKey: Guid(1fcb2f1e4a7d9ba42bc5940a5611f302) Importer(815301076,1909f56bfc062723c751e8b465ee728b)
Start importing Packages/com.unity.postprocessing/PostProcessing/Editor/PostProcessProfileEditor.cs using Guid(1fcb2f1e4a7d9ba42bc5940a5611f302) Importer(815301076,1909f56bfc062723c751e8b465ee728b)  -> (artifact id: '2be2fb955f456742246a8ff12c6fb0b3') in 0.011905 seconds
  Import took 0.016674 seconds .

========================================================================
Received Import Request.
  Time since last request: 3.923239 seconds.
  path: Packages/com.unity.postprocessing/PostProcessing/Editor/PostProcessVolumeEditor.cs
  artifactKey: Guid(4e487364a0cd33f4a9ef2ed93819d4d7) Importer(815301076,1909f56bfc062723c751e8b465ee728b)
Start importing Packages/com.unity.postprocessing/PostProcessing/Editor/PostProcessVolumeEditor.cs using Guid(4e487364a0cd33f4a9ef2ed93819d4d7) Importer(815301076,1909f56bfc062723c751e8b465ee728b)  -> (artifact id: '08dadf8d0b248d1763cc25008d07367a') in 0.005445 seconds
  Import took 0.008663 seconds .

========================================================================
Received Import Request.
  Time since last request: 55.048221 seconds.
  path: Packages/com.unity.postprocessing/PostProcessing/Editor/PostProcessDebugEditor.cs
  artifactKey: Guid(75be0b76c5da33a41a2e679cfb7f453c) Importer(815301076,1909f56bfc062723c751e8b465ee728b)
Start importing Packages/com.unity.postprocessing/PostProcessing/Editor/PostProcessDebugEditor.cs using Guid(75be0b76c5da33a41a2e679cfb7f453c) Importer(815301076,1909f56bfc062723c751e8b465ee728b)  -> (artifact id: '1ae478d87e90e963aba12d0052b6c855') in 0.006709 seconds
  Import took 0.010550 seconds .

========================================================================
Received Import Request.
  Time since last request: 0.000719 seconds.
  path: Packages/com.unity.postprocessing/PostProcessing/Editor/PostProcessDebugEditor.cs
  artifactKey: Guid(75be0b76c5da33a41a2e679cfb7f453c) Importer(815301076,1909f56bfc062723c751e8b465ee728b)
Start importing Packages/com.unity.postprocessing/PostProcessing/Editor/PostProcessDebugEditor.cs using Guid(75be0b76c5da33a41a2e679cfb7f453c) Importer(815301076,1909f56bfc062723c751e8b465ee728b)  -> (artifact id: '1ae478d87e90e963aba12d0052b6c855') in 0.002872 seconds
  Import took 0.006787 seconds .

========================================================================
Received Import Request.
  Time since last request: 4.951857 seconds.
  path: Packages/com.unity.postprocessing/PostProcessing/Editor/PostProcessEffectBaseEditor.cs
  artifactKey: Guid(5a7e5d36c781f1a469ea8f981b785506) Importer(815301076,1909f56bfc062723c751e8b465ee728b)
Start importing Packages/com.unity.postprocessing/PostProcessing/Editor/PostProcessEffectBaseEditor.cs using Guid(5a7e5d36c781f1a469ea8f981b785506) Importer(815301076,1909f56bfc062723c751e8b465ee728b)  -> (artifact id: '10e39823ea61ee4af73b917c258c8aa0') in 0.005513 seconds
  Import took 0.008471 seconds .

========================================================================
Received Import Request.
  Time since last request: 1.853177 seconds.
  path: Packages/com.unity.postprocessing/PostProcessing/Editor/EffectListEditor.cs
  artifactKey: Guid(9f9fffe306f3969418c31ee836b6ffee) Importer(815301076,1909f56bfc062723c751e8b465ee728b)
Start importing Packages/com.unity.postprocessing/PostProcessing/Editor/EffectListEditor.cs using Guid(9f9fffe306f3969418c31ee836b6ffee) Importer(815301076,1909f56bfc062723c751e8b465ee728b)  -> (artifact id: 'afc7405bd49cf42acf26c0e979289f81') in 0.009976 seconds
  Import took 0.014705 seconds .

========================================================================
Received Import Request.
  Time since last request: 0.798009 seconds.
  path: Packages/com.unity.postprocessing/PostProcessing/Editor/BaseEditor.cs
  artifactKey: Guid(69a4fc27499557744827c787d71fdf08) Importer(815301076,1909f56bfc062723c751e8b465ee728b)
Start importing Packages/com.unity.postprocessing/PostProcessing/Editor/BaseEditor.cs using Guid(69a4fc27499557744827c787d71fdf08) Importer(815301076,1909f56bfc062723c751e8b465ee728b)  -> (artifact id: 'acd91a15334d780e99f6c52861646bb2') in 0.006008 seconds
  Import took 0.009067 seconds .

========================================================================
Received Import Request.
  Time since last request: 10.250006 seconds.
  path: Packages/com.unity.postprocessing/PostProcessing/Editor/Tools
  artifactKey: Guid(e58158d9d8b440d4ca944a07d6cde9af) Importer(815301076,1909f56bfc062723c751e8b465ee728b)
Start importing Packages/com.unity.postprocessing/PostProcessing/Editor/Tools using Guid(e58158d9d8b440d4ca944a07d6cde9af) Importer(815301076,1909f56bfc062723c751e8b465ee728b)  -> (artifact id: 'fa27ee788856825b7ea8348e56f876c3') in 0.005931 seconds
  Import took 0.009051 seconds .

========================================================================
Received Import Request.
  Time since last request: 1.638172 seconds.
  path: Packages/com.unity.postprocessing/PostProcessing/Editor/Tools/VolumeFactory.cs
  artifactKey: Guid(0f3902e2aa2609f47ab0c956e56ea0bf) Importer(815301076,1909f56bfc062723c751e8b465ee728b)
Start importing Packages/com.unity.postprocessing/PostProcessing/Editor/Tools/VolumeFactory.cs using Guid(0f3902e2aa2609f47ab0c956e56ea0bf) Importer(815301076,1909f56bfc062723c751e8b465ee728b)  -> (artifact id: '6ec18a541b1e9c5c5f646165db226faf') in 0.008274 seconds
  Import took 0.011108 seconds .

========================================================================
Received Import Request.
  Time since last request: 9.881699 seconds.
  path: Packages/com.unity.postprocessing/PostProcessing/Editor/Attributes
  artifactKey: Guid(f5422948b83b1d34c86e710f0d9fea30) Importer(815301076,1909f56bfc062723c751e8b465ee728b)
Start importing Packages/com.unity.postprocessing/PostProcessing/Editor/Attributes using Guid(f5422948b83b1d34c86e710f0d9fea30) Importer(815301076,1909f56bfc062723c751e8b465ee728b)  -> (artifact id: 'c555e45aecded1beb643ddaab3cbe136') in 0.005288 seconds
  Import took 0.008315 seconds .

========================================================================
Received Import Request.
  Time since last request: 1.458645 seconds.
  path: Packages/com.unity.postprocessing/PostProcessing/Editor/Attributes/PostProcessEditorAttribute.cs
  artifactKey: Guid(70ea2ab329ffbac43a0a02daa61dbe6b) Importer(815301076,1909f56bfc062723c751e8b465ee728b)
Start importing Packages/com.unity.postprocessing/PostProcessing/Editor/Attributes/PostProcessEditorAttribute.cs using Guid(70ea2ab329ffbac43a0a02daa61dbe6b) Importer(815301076,1909f56bfc062723c751e8b465ee728b)  -> (artifact id: 'd4beeaf4c83009fc1efd12ebd5fd1886') in 0.007847 seconds
  Import took 0.011249 seconds .

========================================================================
Received Import Request.
  Time since last request: 216.596791 seconds.
  path: ProjectSettings/TagManager.asset
  artifactKey: Guid(00000000000000003000000000000000) Importer(815301076,1909f56bfc062723c751e8b465ee728b)
Start importing ProjectSettings/TagManager.asset using Guid(00000000000000003000000000000000) Importer(815301076,1909f56bfc062723c751e8b465ee728b)  -> (artifact id: '65a12f62bb633731034a777864367b1b') in 0.006125 seconds
  Import took 0.009778 seconds .

========================================================================
Received Import Request.
  Time since last request: 0.000676 seconds.
  path: ProjectSettings/TagManager.asset
  artifactKey: Guid(00000000000000003000000000000000) Importer(815301076,1909f56bfc062723c751e8b465ee728b)
Start importing ProjectSettings/TagManager.asset using Guid(00000000000000003000000000000000) Importer(815301076,1909f56bfc062723c751e8b465ee728b)  -> (artifact id: '65a12f62bb633731034a777864367b1b') in 0.003072 seconds
  Import took 0.005819 seconds .

========================================================================
Received Prepare
Registering precompiled user dll's ...
Registered in 0.001048 seconds.
Begin MonoManager ReloadAssembly
Native extension for WindowsStandalone target not found
Native extension for WebGL target not found
Refreshing native plugins compatible for Editor in 0.41 ms, found 1 plugins.
Preloading 0 native plugins for Editor in 0.00 ms.
Invoked RoslynAnalysisRunner static constructor.
RoslynAnalysisRunner will not be running.
RoslynAnalysisRunner has terminated.
Mono: successfully reloaded assembly
- Completed reload, in  0.762 seconds
Platform modules already initialized, skipping
Refreshing native plugins compatible for Editor in 0.50 ms, found 1 plugins.
Preloading 0 native plugins for Editor in 0.00 ms.
Unloading 1897 Unused Serialized files (Serialized files now loaded: 0)
System memory in use before: 90.4 MB.
System memory in use after: 90.4 MB.

Unloading 14 unused Assets to reduce memory usage. Loaded Objects now: 2374.
Total: 1.908400 ms (FindLiveObjects: 0.280300 ms CreateObjectMapping: 0.051000 ms MarkObjects: 1.473100 ms  DeleteObjects: 0.102900 ms)

========================================================================
Received Prepare
Registering precompiled user dll's ...
Registered in 0.001148 seconds.
Begin MonoManager ReloadAssembly
Native extension for WindowsStandalone target not found
Native extension for WebGL target not found
Refreshing native plugins compatible for Editor in 0.85 ms, found 1 plugins.
Preloading 0 native plugins for Editor in 0.00 ms.
Invoked RoslynAnalysisRunner static constructor.
RoslynAnalysisRunner will not be running.
RoslynAnalysisRunner has terminated.
Mono: successfully reloaded assembly
- Completed reload, in  0.954 seconds
Platform modules already initialized, skipping
Refreshing native plugins compatible for Editor in 0.90 ms, found 1 plugins.
Preloading 0 native plugins for Editor in 0.00 ms.
Unloading 1897 Unused Serialized files (Serialized files now loaded: 0)
System memory in use before: 90.5 MB.
System memory in use after: 90.5 MB.

Unloading 12 unused Assets to reduce memory usage. Loaded Objects now: 2377.
Total: 2.474300 ms (FindLiveObjects: 0.346600 ms CreateObjectMapping: 0.049200 ms MarkObjects: 1.897000 ms  DeleteObjects: 0.179600 ms)

========================================================================
Received Import Request.
  Time since last request: 751.897679 seconds.
  path: Assets/MapTexture.renderTexture
  artifactKey: Guid(ebe3d66081ab816498c1cf706ef787b2) Importer(815301076,1909f56bfc062723c751e8b465ee728b)
Start importing Assets/MapTexture.renderTexture using Guid(ebe3d66081ab816498c1cf706ef787b2) Importer(815301076,1909f56bfc062723c751e8b465ee728b)  -> (artifact id: '7ff3910a28d5a76746ae0d3aba45b946') in 0.065208 seconds
  Import took 0.068671 seconds .

========================================================================
Received Prepare
Registering precompiled user dll's ...
Registered in 0.001051 seconds.
Begin MonoManager ReloadAssembly
Native extension for WindowsStandalone target not found
Native extension for WebGL target not found
Refreshing native plugins compatible for Editor in 0.53 ms, found 1 plugins.
Preloading 0 native plugins for Editor in 0.00 ms.
Invoked RoslynAnalysisRunner static constructor.
RoslynAnalysisRunner will not be running.
RoslynAnalysisRunner has terminated.
Mono: successfully reloaded assembly
- Completed reload, in  0.790 seconds
Platform modules already initialized, skipping
Refreshing native plugins compatible for Editor in 0.39 ms, found 1 plugins.
Preloading 0 native plugins for Editor in 0.00 ms.
Unloading 1897 Unused Serialized files (Serialized files now loaded: 0)
System memory in use before: 93.4 MB.
System memory in use after: 93.4 MB.

Unloading 12 unused Assets to reduce memory usage. Loaded Objects now: 2385.
Total: 2.176900 ms (FindLiveObjects: 0.204300 ms CreateObjectMapping: 0.054100 ms MarkObjects: 1.814100 ms  DeleteObjects: 0.103300 ms)

========================================================================
Received Import Request.
  Time since last request: 344.546781 seconds.
  path: Assets/Scripts/CameraFollow.cs
  artifactKey: Guid(76c60f44fa60f364183c47286638876f) Importer(815301076,1909f56bfc062723c751e8b465ee728b)
Start importing Assets/Scripts/CameraFollow.cs using Guid(76c60f44fa60f364183c47286638876f) Importer(815301076,1909f56bfc062723c751e8b465ee728b)  -> (artifact id: 'de087cab1fcb64393b9a93c696988f9f') in 0.008833 seconds
  Import took 0.012056 seconds .

========================================================================
Received Prepare
Registering precompiled user dll's ...
Registered in 0.000838 seconds.
Begin MonoManager ReloadAssembly
Native extension for WindowsStandalone target not found
Native extension for WebGL target not found
Refreshing native plugins compatible for Editor in 0.51 ms, found 1 plugins.
Preloading 0 native plugins for Editor in 0.00 ms.
Invoked RoslynAnalysisRunner static constructor.
RoslynAnalysisRunner will not be running.
RoslynAnalysisRunner has terminated.
Mono: successfully reloaded assembly
- Completed reload, in  0.747 seconds
Platform modules already initialized, skipping
Refreshing native plugins compatible for Editor in 0.43 ms, found 1 plugins.
Preloading 0 native plugins for Editor in 0.00 ms.
Unloading 1897 Unused Serialized files (Serialized files now loaded: 0)
System memory in use before: 93.5 MB.
System memory in use after: 93.4 MB.

Unloading 12 unused Assets to reduce memory usage. Loaded Objects now: 2388.
Total: 2.059500 ms (FindLiveObjects: 0.266900 ms CreateObjectMapping: 0.045800 ms MarkObjects: 1.614100 ms  DeleteObjects: 0.131000 ms)

========================================================================
Received Import Request.
  Time since last request: 756.508347 seconds.
  path: Assets/Scripts/PauseScript.cs
  artifactKey: Guid(6f5cd6e26f4324040933e1c0ba01d9dd) Importer(815301076,1909f56bfc062723c751e8b465ee728b)
Start importing Assets/Scripts/PauseScript.cs using Guid(6f5cd6e26f4324040933e1c0ba01d9dd) Importer(815301076,1909f56bfc062723c751e8b465ee728b)  -> (artifact id: 'bb921359be9992acf68fca934225cc81') in 0.009831 seconds
  Import took 0.013162 seconds .

========================================================================
Received Prepare
Registering precompiled user dll's ...
Registered in 0.001502 seconds.
Begin MonoManager ReloadAssembly
Native extension for WindowsStandalone target not found
Native extension for WebGL target not found
Refreshing native plugins compatible for Editor in 1.16 ms, found 1 plugins.
Preloading 0 native plugins for Editor in 0.00 ms.
Invoked RoslynAnalysisRunner static constructor.
RoslynAnalysisRunner will not be running.
RoslynAnalysisRunner has terminated.
Mono: successfully reloaded assembly
- Completed reload, in  0.890 seconds
Platform modules already initialized, skipping
Refreshing native plugins compatible for Editor in 0.97 ms, found 1 plugins.
Preloading 0 native plugins for Editor in 0.00 ms.
Unloading 1898 Unused Serialized files (Serialized files now loaded: 0)
System memory in use before: 93.5 MB.
System memory in use after: 93.5 MB.

Unloading 12 unused Assets to reduce memory usage. Loaded Objects now: 2392.
Total: 5.017600 ms (FindLiveObjects: 0.881800 ms CreateObjectMapping: 0.090200 ms MarkObjects: 3.842600 ms  DeleteObjects: 0.199000 ms)

========================================================================
Received Prepare
Registering precompiled user dll's ...
Registered in 0.001392 seconds.
Begin MonoManager ReloadAssembly
Native extension for WindowsStandalone target not found
Native extension for WebGL target not found
Refreshing native plugins compatible for Editor in 0.51 ms, found 1 plugins.
Preloading 0 native plugins for Editor in 0.00 ms.
Invoked RoslynAnalysisRunner static constructor.
RoslynAnalysisRunner will not be running.
RoslynAnalysisRunner has terminated.
Mono: successfully reloaded assembly
- Completed reload, in  0.797 seconds
Platform modules already initialized, skipping
Refreshing native plugins compatible for Editor in 0.38 ms, found 1 plugins.
Preloading 0 native plugins for Editor in 0.00 ms.
Unloading 1898 Unused Serialized files (Serialized files now loaded: 0)
System memory in use before: 93.5 MB.
System memory in use after: 93.5 MB.

Unloading 12 unused Assets to reduce memory usage. Loaded Objects now: 2395.
Total: 4.942400 ms (FindLiveObjects: 1.558500 ms CreateObjectMapping: 0.152500 ms MarkObjects: 2.998900 ms  DeleteObjects: 0.227300 ms)

========================================================================
Received Import Request.
  Time since last request: 410.563874 seconds.
  path: Assets/Scripts/PauseScript.cs
  artifactKey: Guid(6f5cd6e26f4324040933e1c0ba01d9dd) Importer(815301076,1909f56bfc062723c751e8b465ee728b)
Start importing Assets/Scripts/PauseScript.cs using Guid(6f5cd6e26f4324040933e1c0ba01d9dd) Importer(815301076,1909f56bfc062723c751e8b465ee728b)  -> (artifact id: 'de42e19ab1f756d6f4f2a53cb8c46830') in 0.005196 seconds
  Import took 0.008066 seconds .

========================================================================
Received Prepare
Registering precompiled user dll's ...
Registered in 0.001246 seconds.
Begin MonoManager ReloadAssembly
Native extension for WindowsStandalone target not found
Native extension for WebGL target not found
Refreshing native plugins compatible for Editor in 0.39 ms, found 1 plugins.
Preloading 0 native plugins for Editor in 0.00 ms.
Invoked RoslynAnalysisRunner static constructor.
RoslynAnalysisRunner will not be running.
RoslynAnalysisRunner has terminated.
Mono: successfully reloaded assembly
- Completed reload, in  0.819 seconds
Platform modules already initialized, skipping
Refreshing native plugins compatible for Editor in 0.41 ms, found 1 plugins.
Preloading 0 native plugins for Editor in 0.00 ms.
Unloading 1898 Unused Serialized files (Serialized files now loaded: 0)
System memory in use before: 93.5 MB.
System memory in use after: 93.5 MB.

Unloading 12 unused Assets to reduce memory usage. Loaded Objects now: 2398.
Total: 2.663100 ms (FindLiveObjects: 0.373700 ms CreateObjectMapping: 0.087800 ms MarkObjects: 2.097100 ms  DeleteObjects: 0.103300 ms)

========================================================================
Received Prepare
Registering precompiled user dll's ...
Registered in 0.000878 seconds.
Begin MonoManager ReloadAssembly
Native extension for WindowsStandalone target not found
Native extension for WebGL target not found
Refreshing native plugins compatible for Editor in 0.60 ms, found 1 plugins.
Preloading 0 native plugins for Editor in 0.00 ms.
Invoked RoslynAnalysisRunner static constructor.
RoslynAnalysisRunner will not be running.
RoslynAnalysisRunner has terminated.
Mono: successfully reloaded assembly
- Completed reload, in  0.837 seconds
Platform modules already initialized, skipping
Refreshing native plugins compatible for Editor in 1.30 ms, found 1 plugins.
Preloading 0 native plugins for Editor in 0.00 ms.
Unloading 1898 Unused Serialized files (Serialized files now loaded: 0)
System memory in use before: 93.5 MB.
System memory in use after: 93.5 MB.

Unloading 12 unused Assets to reduce memory usage. Loaded Objects now: 2401.
Total: 2.306700 ms (FindLiveObjects: 0.322000 ms CreateObjectMapping: 0.052000 ms MarkObjects: 1.806500 ms  DeleteObjects: 0.125200 ms)

========================================================================
Received Import Request.
  Time since last request: 524.226002 seconds.
  path: Assets/Prefabs/Player.prefab
  artifactKey: Guid(8fde67f2ce6e85b409ac13b5d940479c) Importer(815301076,1909f56bfc062723c751e8b465ee728b)
Start importing Assets/Prefabs/Player.prefab using Guid(8fde67f2ce6e85b409ac13b5d940479c) Importer(815301076,1909f56bfc062723c751e8b465ee728b)  -> (artifact id: '74b5175a5757e99f26c53e85ca092901') in 0.080708 seconds
  Import took 0.085007 seconds .

========================================================================
Received Import Request.
  Time since last request: 1.656608 seconds.
  path: Assets/Prefabs/PauseCanvas.prefab
  artifactKey: Guid(10e2dcca67ad4be4ab2def7f0db65c00) Importer(815301076,1909f56bfc062723c751e8b465ee728b)
Start importing Assets/Prefabs/PauseCanvas.prefab using Guid(10e2dcca67ad4be4ab2def7f0db65c00) Importer(815301076,1909f56bfc062723c751e8b465ee728b)  -> (artifact id: 'bde280414a5927ddc044982eb392e53a') in 0.023756 seconds
  Import took 0.028786 seconds .

========================================================================
Received Import Request.
  Time since last request: 21.700164 seconds.
  path: Assets/Scenes/LevelOne.unity
  artifactKey: Guid(2cda990e2423bbf4892e6590ba056729) Importer(815301076,1909f56bfc062723c751e8b465ee728b)
Start importing Assets/Scenes/LevelOne.unity using Guid(2cda990e2423bbf4892e6590ba056729) Importer(815301076,1909f56bfc062723c751e8b465ee728b)  -> (artifact id: 'c4699dba322208fcaa9b2456372ccac9') in 0.007352 seconds
  Import took 0.010973 seconds .

========================================================================
Received Import Request.
  Time since last request: 29.706683 seconds.
  path: Assets/Scenes/HubWorld.unity
  artifactKey: Guid(cef3a4aa369b13740be254cc5a9814e4) Importer(815301076,1909f56bfc062723c751e8b465ee728b)
Start importing Assets/Scenes/HubWorld.unity using Guid(cef3a4aa369b13740be254cc5a9814e4) Importer(815301076,1909f56bfc062723c751e8b465ee728b)  -> (artifact id: '4d7b49c3bd9aa8aa675ab227534946d4') in 0.007084 seconds
  Import took 0.010569 seconds .

========================================================================
Received Import Request.
  Time since last request: 0.001316 seconds.
  path: Assets/Scenes/HubWorld.unity
  artifactKey: Guid(cef3a4aa369b13740be254cc5a9814e4) Importer(815301076,1909f56bfc062723c751e8b465ee728b)
Start importing Assets/Scenes/HubWorld.unity using Guid(cef3a4aa369b13740be254cc5a9814e4) Importer(815301076,1909f56bfc062723c751e8b465ee728b)  -> (artifact id: '4d7b49c3bd9aa8aa675ab227534946d4') in 0.003279 seconds
  Import took 0.006843 seconds .

========================================================================
Received Import Request.
  Time since last request: 8.401259 seconds.
  path: Assets/Prefabs/PPVolume.prefab
  artifactKey: Guid(7341cf6f8fa65f043b4a185ab5f314e3) Importer(815301076,1909f56bfc062723c751e8b465ee728b)
Start importing Assets/Prefabs/PPVolume.prefab using Guid(7341cf6f8fa65f043b4a185ab5f314e3) Importer(815301076,1909f56bfc062723c751e8b465ee728b)  -> (artifact id: '669806aa853a1f7905d2eed77c665278') in 0.029432 seconds
  Import took 0.033737 seconds .

========================================================================
Received Import Request.
  Time since last request: 0.003538 seconds.
  path: Assets/Prefabs/PPVolume.prefab
  artifactKey: Guid(7341cf6f8fa65f043b4a185ab5f314e3) Importer(815301076,1909f56bfc062723c751e8b465ee728b)
Start importing Assets/Prefabs/PPVolume.prefab using Guid(7341cf6f8fa65f043b4a185ab5f314e3) Importer(815301076,1909f56bfc062723c751e8b465ee728b)  -> (artifact id: '669806aa853a1f7905d2eed77c665278') in 0.005080 seconds
  Import took 0.008573 seconds .

========================================================================
Received Import Request.
  Time since last request: 17.215265 seconds.
  path: Assets/Scenes/LevelOne.unity
  artifactKey: Guid(2cda990e2423bbf4892e6590ba056729) Importer(815301076,1909f56bfc062723c751e8b465ee728b)
Start importing Assets/Scenes/LevelOne.unity using Guid(2cda990e2423bbf4892e6590ba056729) Importer(815301076,1909f56bfc062723c751e8b465ee728b)  -> (artifact id: 'abc99ee631277210ec977b626d7a9550') in 0.002822 seconds
  Import took 0.006136 seconds .

========================================================================
Received Prepare
Registering precompiled user dll's ...
Registered in 0.000895 seconds.
Begin MonoManager ReloadAssembly
Native extension for WindowsStandalone target not found
Native extension for WebGL target not found
Refreshing native plugins compatible for Editor in 0.61 ms, found 1 plugins.
Preloading 0 native plugins for Editor in 0.00 ms.
Invoked RoslynAnalysisRunner static constructor.
RoslynAnalysisRunner will not be running.
RoslynAnalysisRunner has terminated.
Mono: successfully reloaded assembly
- Completed reload, in  0.847 seconds
Platform modules already initialized, skipping
Refreshing native plugins compatible for Editor in 0.67 ms, found 1 plugins.
Preloading 0 native plugins for Editor in 0.00 ms.
Unloading 1898 Unused Serialized files (Serialized files now loaded: 0)
System memory in use before: 93.7 MB.
System memory in use after: 93.7 MB.

Unloading 13 unused Assets to reduce memory usage. Loaded Objects now: 2412.
Total: 2.023600 ms (FindLiveObjects: 0.213300 ms CreateObjectMapping: 0.046100 ms MarkObjects: 1.639000 ms  DeleteObjects: 0.124000 ms)

========================================================================
Received Prepare
Registering precompiled user dll's ...
Registered in 0.001044 seconds.
Begin MonoManager ReloadAssembly
Native extension for WindowsStandalone target not found
Native extension for WebGL target not found
Refreshing native plugins compatible for Editor in 0.40 ms, found 1 plugins.
Preloading 0 native plugins for Editor in 0.00 ms.
Invoked RoslynAnalysisRunner static constructor.
RoslynAnalysisRunner will not be running.
RoslynAnalysisRunner has terminated.
Mono: successfully reloaded assembly
- Completed reload, in  0.779 seconds
Platform modules already initialized, skipping
Refreshing native plugins compatible for Editor in 0.40 ms, found 1 plugins.
Preloading 0 native plugins for Editor in 0.00 ms.
Unloading 1898 Unused Serialized files (Serialized files now loaded: 0)
System memory in use before: 93.7 MB.
System memory in use after: 93.7 MB.

Unloading 12 unused Assets to reduce memory usage. Loaded Objects now: 2415.
Total: 2.190200 ms (FindLiveObjects: 0.222100 ms CreateObjectMapping: 0.052500 ms MarkObjects: 1.796600 ms  DeleteObjects: 0.118000 ms)

========================================================================
Received Prepare
Registering precompiled user dll's ...
Registered in 0.000886 seconds.
Begin MonoManager ReloadAssembly
Native extension for WindowsStandalone target not found
Native extension for WebGL target not found
Refreshing native plugins compatible for Editor in 0.42 ms, found 1 plugins.
Preloading 0 native plugins for Editor in 0.00 ms.
Invoked RoslynAnalysisRunner static constructor.
RoslynAnalysisRunner will not be running.
RoslynAnalysisRunner has terminated.
Mono: successfully reloaded assembly
- Completed reload, in  0.817 seconds
Platform modules already initialized, skipping
Refreshing native plugins compatible for Editor in 0.40 ms, found 1 plugins.
Preloading 0 native plugins for Editor in 0.00 ms.
Unloading 1898 Unused Serialized files (Serialized files now loaded: 0)
System memory in use before: 93.7 MB.
System memory in use after: 93.7 MB.

Unloading 12 unused Assets to reduce memory usage. Loaded Objects now: 2418.
Total: 3.396300 ms (FindLiveObjects: 0.395400 ms CreateObjectMapping: 0.078900 ms MarkObjects: 2.770000 ms  DeleteObjects: 0.150600 ms)

========================================================================
Received Prepare
Registering precompiled user dll's ...
Registered in 0.001510 seconds.
Begin MonoManager ReloadAssembly
Native extension for WindowsStandalone target not found
Native extension for WebGL target not found
Refreshing native plugins compatible for Editor in 0.86 ms, found 1 plugins.
Preloading 0 native plugins for Editor in 0.00 ms.
Invoked RoslynAnalysisRunner static constructor.
RoslynAnalysisRunner will not be running.
RoslynAnalysisRunner has terminated.
Mono: successfully reloaded assembly
- Completed reload, in  0.812 seconds
Platform modules already initialized, skipping
Refreshing native plugins compatible for Editor in 0.55 ms, found 1 plugins.
Preloading 0 native plugins for Editor in 0.00 ms.
Unloading 1898 Unused Serialized files (Serialized files now loaded: 0)
System memory in use before: 93.7 MB.
System memory in use after: 93.7 MB.

Unloading 12 unused Assets to reduce memory usage. Loaded Objects now: 2421.
Total: 2.409400 ms (FindLiveObjects: 0.242400 ms CreateObjectMapping: 0.044200 ms MarkObjects: 1.983600 ms  DeleteObjects: 0.138100 ms)

========================================================================
Received Prepare
Registering precompiled user dll's ...
Registered in 0.000882 seconds.
Begin MonoManager ReloadAssembly
Native extension for WindowsStandalone target not found
Native extension for WebGL target not found
Refreshing native plugins compatible for Editor in 0.37 ms, found 1 plugins.
Preloading 0 native plugins for Editor in 0.00 ms.
Invoked RoslynAnalysisRunner static constructor.
RoslynAnalysisRunner will not be running.
RoslynAnalysisRunner has terminated.
Mono: successfully reloaded assembly
- Completed reload, in  0.725 seconds
Platform modules already initialized, skipping
Refreshing native plugins compatible for Editor in 0.62 ms, found 1 plugins.
Preloading 0 native plugins for Editor in 0.00 ms.
Unloading 1898 Unused Serialized files (Serialized files now loaded: 0)
System memory in use before: 93.7 MB.
System memory in use after: 93.7 MB.

Unloading 12 unused Assets to reduce memory usage. Loaded Objects now: 2424.
Total: 6.281600 ms (FindLiveObjects: 1.713800 ms CreateObjectMapping: 0.168400 ms MarkObjects: 4.268600 ms  DeleteObjects: 0.127800 ms)

========================================================================
Received Prepare
Registering precompiled user dll's ...
Registered in 0.000884 seconds.
Begin MonoManager ReloadAssembly
Native extension for WindowsStandalone target not found
Native extension for WebGL target not found
Refreshing native plugins compatible for Editor in 0.54 ms, found 1 plugins.
Preloading 0 native plugins for Editor in 0.00 ms.
Invoked RoslynAnalysisRunner static constructor.
RoslynAnalysisRunner will not be running.
RoslynAnalysisRunner has terminated.
Mono: successfully reloaded assembly
- Completed reload, in  0.882 seconds
Platform modules already initialized, skipping
Refreshing native plugins compatible for Editor in 0.46 ms, found 1 plugins.
Preloading 0 native plugins for Editor in 0.00 ms.
Unloading 1898 Unused Serialized files (Serialized files now loaded: 0)
System memory in use before: 93.8 MB.
System memory in use after: 93.8 MB.

Unloading 12 unused Assets to reduce memory usage. Loaded Objects now: 2427.
Total: 4.125800 ms (FindLiveObjects: 1.393600 ms CreateObjectMapping: 0.094900 ms MarkObjects: 2.442100 ms  DeleteObjects: 0.191300 ms)

========================================================================
Received Import Request.
  Time since last request: 236.306266 seconds.
  path: Assets/Prefabs/TransitionCanvas.prefab
  artifactKey: Guid(ff9228c57ae229442a194930fc904d52) Importer(815301076,1909f56bfc062723c751e8b465ee728b)
Start importing Assets/Prefabs/TransitionCanvas.prefab using Guid(ff9228c57ae229442a194930fc904d52) Importer(815301076,1909f56bfc062723c751e8b465ee728b)  -> (artifact id: '9e2c80c3705f51f014c443e2240e9d8f') in 0.031239 seconds
  Import took 0.035747 seconds .

========================================================================
Received Import Request.
  Time since last request: 3.347652 seconds.
  path: Assets/Scenes/LevelOne.unity
  artifactKey: Guid(2cda990e2423bbf4892e6590ba056729) Importer(815301076,1909f56bfc062723c751e8b465ee728b)
Start importing Assets/Scenes/LevelOne.unity using Guid(2cda990e2423bbf4892e6590ba056729) Importer(815301076,1909f56bfc062723c751e8b465ee728b)  -> (artifact id: '17ca3cd3e077a6f68b15ccba1ca5d1d9') in 0.002674 seconds
  Import took 0.005638 seconds .

========================================================================
Received Import Request.
  Time since last request: 2.470639 seconds.
  path: Assets/Scenes/HubWorld.unity
  artifactKey: Guid(cef3a4aa369b13740be254cc5a9814e4) Importer(815301076,1909f56bfc062723c751e8b465ee728b)
Start importing Assets/Scenes/HubWorld.unity using Guid(cef3a4aa369b13740be254cc5a9814e4) Importer(815301076,1909f56bfc062723c751e8b465ee728b)  -> (artifact id: '5989634cf1796cc1522ec76d064bec48') in 0.005713 seconds
  Import took 0.008772 seconds .

========================================================================
Received Prepare
Registering precompiled user dll's ...
Registered in 0.000772 seconds.
Begin MonoManager ReloadAssembly
Native extension for WindowsStandalone target not found
Native extension for WebGL target not found
Refreshing native plugins compatible for Editor in 0.61 ms, found 1 plugins.
Preloading 0 native plugins for Editor in 0.00 ms.
Invoked RoslynAnalysisRunner static constructor.
RoslynAnalysisRunner will not be running.
RoslynAnalysisRunner has terminated.
Mono: successfully reloaded assembly
- Completed reload, in  0.849 seconds
Platform modules already initialized, skipping
Refreshing native plugins compatible for Editor in 0.39 ms, found 1 plugins.
Preloading 0 native plugins for Editor in 0.00 ms.
Unloading 1898 Unused Serialized files (Serialized files now loaded: 0)
System memory in use before: 93.8 MB.
System memory in use after: 93.8 MB.

Unloading 12 unused Assets to reduce memory usage. Loaded Objects now: 2430.
Total: 2.791100 ms (FindLiveObjects: 0.375400 ms CreateObjectMapping: 0.052100 ms MarkObjects: 2.216500 ms  DeleteObjects: 0.145700 ms)

========================================================================
Received Prepare
Registering precompiled user dll's ...
Registered in 0.000971 seconds.
Begin MonoManager ReloadAssembly
Native extension for WindowsStandalone target not found
Native extension for WebGL target not found
Refreshing native plugins compatible for Editor in 0.48 ms, found 1 plugins.
Preloading 0 native plugins for Editor in 0.00 ms.
Invoked RoslynAnalysisRunner static constructor.
RoslynAnalysisRunner will not be running.
RoslynAnalysisRunner has terminated.
Mono: successfully reloaded assembly
- Completed reload, in  0.781 seconds
Platform modules already initialized, skipping
Refreshing native plugins compatible for Editor in 0.64 ms, found 1 plugins.
Preloading 0 native plugins for Editor in 0.00 ms.
Unloading 1898 Unused Serialized files (Serialized files now loaded: 0)
System memory in use before: 93.8 MB.
System memory in use after: 93.8 MB.

Unloading 12 unused Assets to reduce memory usage. Loaded Objects now: 2433.
Total: 2.090700 ms (FindLiveObjects: 0.234400 ms CreateObjectMapping: 0.045800 ms MarkObjects: 1.694800 ms  DeleteObjects: 0.113700 ms)

========================================================================
Received Prepare
Registering precompiled user dll's ...
Registered in 0.000921 seconds.
Begin MonoManager ReloadAssembly
Native extension for WindowsStandalone target not found
Native extension for WebGL target not found
Refreshing native plugins compatible for Editor in 0.39 ms, found 1 plugins.
Preloading 0 native plugins for Editor in 0.00 ms.
Invoked RoslynAnalysisRunner static constructor.
RoslynAnalysisRunner will not be running.
RoslynAnalysisRunner has terminated.
Mono: successfully reloaded assembly
- Completed reload, in  0.770 seconds
Platform modules already initialized, skipping
Refreshing native plugins compatible for Editor in 0.46 ms, found 1 plugins.
Preloading 0 native plugins for Editor in 0.00 ms.
Unloading 1898 Unused Serialized files (Serialized files now loaded: 0)
System memory in use before: 93.8 MB.
System memory in use after: 93.8 MB.

Unloading 12 unused Assets to reduce memory usage. Loaded Objects now: 2436.
Total: 2.419600 ms (FindLiveObjects: 0.247400 ms CreateObjectMapping: 0.043800 ms MarkObjects: 2.003200 ms  DeleteObjects: 0.123800 ms)

========================================================================
Received Prepare
Registering precompiled user dll's ...
Registered in 0.000872 seconds.
Begin MonoManager ReloadAssembly
Native extension for WindowsStandalone target not found
Native extension for WebGL target not found
Refreshing native plugins compatible for Editor in 0.49 ms, found 1 plugins.
Preloading 0 native plugins for Editor in 0.00 ms.
Invoked RoslynAnalysisRunner static constructor.
RoslynAnalysisRunner will not be running.
RoslynAnalysisRunner has terminated.
Mono: successfully reloaded assembly
- Completed reload, in  0.836 seconds
Platform modules already initialized, skipping
Refreshing native plugins compatible for Editor in 0.41 ms, found 1 plugins.
Preloading 0 native plugins for Editor in 0.00 ms.
Unloading 1898 Unused Serialized files (Serialized files now loaded: 0)
System memory in use before: 93.8 MB.
System memory in use after: 93.8 MB.

Unloading 12 unused Assets to reduce memory usage. Loaded Objects now: 2439.
Total: 4.186300 ms (FindLiveObjects: 0.356600 ms CreateObjectMapping: 0.077000 ms MarkObjects: 3.611100 ms  DeleteObjects: 0.139700 ms)

========================================================================
Received Prepare
Registering precompiled user dll's ...
Registered in 0.001111 seconds.
Begin MonoManager ReloadAssembly
Native extension for WindowsStandalone target not found
Native extension for WebGL target not found
Refreshing native plugins compatible for Editor in 0.46 ms, found 1 plugins.
Preloading 0 native plugins for Editor in 0.00 ms.
Invoked RoslynAnalysisRunner static constructor.
RoslynAnalysisRunner will not be running.
RoslynAnalysisRunner has terminated.
Mono: successfully reloaded assembly
- Completed reload, in  0.780 seconds
Platform modules already initialized, skipping
Refreshing native plugins compatible for Editor in 0.40 ms, found 1 plugins.
Preloading 0 native plugins for Editor in 0.00 ms.
Unloading 1898 Unused Serialized files (Serialized files now loaded: 0)
System memory in use before: 93.8 MB.
System memory in use after: 93.8 MB.

Unloading 12 unused Assets to reduce memory usage. Loaded Objects now: 2442.
Total: 1.963300 ms (FindLiveObjects: 0.187800 ms CreateObjectMapping: 0.044000 ms MarkObjects: 1.623800 ms  DeleteObjects: 0.106900 ms)

AssetImportWorkerClient::OnTransportError - code=2 error=End of file
